{"uid":"9b44b51e84f1afe3","name":"Deve buscar e validar CEP por Css Slector selecionando Unidade Operacional","fullName":"br.com.correios.address.tests.AddressTest.mustSearchValidZipCodeWithOperatingUnitOptionByCssSelector","historyId":"76332138c1edb0f6960a688a8dee3659","time":{"start":1722273713850,"stop":1722273713856,"duration":6},"description":"Validate CSS SELECTOREnter a valid zip code; Selects Operating Unit Option; Click to seek zip code and valid non-existing zip code;","descriptionHtml":"<p>Validate CSS SELECTOREnter a valid zip code; Selects Operating Unit Option; Click to seek zip code and valid non-existing zip code;</p>\n","status":"broken","statusMessage":"Unable to obtain: chromedriver, error chromedriver must exist: webdriver/chromedriver\nFor documentation on this error, please visit: https://www.selenium.dev/documentation/webdriver/troubleshooting/errors/driver_location/\nBuild info: version: '4.23.0', revision: '4df0a231af'\nSystem info: os.name: 'Linux', os.arch: 'amd64', os.version: '6.5.0-1024-azure', java.version: '19.0.2'\nDriver info: driver.version: ChromeDriver","statusTrace":"org.openqa.selenium.remote.NoSuchDriverException: Unable to obtain: chromedriver, error chromedriver must exist: webdriver/chromedriver\nFor documentation on this error, please visit: https://www.selenium.dev/documentation/webdriver/troubleshooting/errors/driver_location/\nBuild info: version: '4.23.0', revision: '4df0a231af'\nSystem info: os.name: 'Linux', os.arch: 'amd64', os.version: '6.5.0-1024-azure', java.version: '19.0.2'\nDriver info: driver.version: ChromeDriver\n\tat org.openqa.selenium.remote.service.DriverFinder.getBinaryPaths(DriverFinder.java:121)\n\tat org.openqa.selenium.remote.service.DriverFinder.getDriverPath(DriverFinder.java:55)\n\tat org.openqa.selenium.chrome.ChromeDriver.generateExecutor(ChromeDriver.java:99)\n\tat org.openqa.selenium.chrome.ChromeDriver.<init>(ChromeDriver.java:88)\n\tat org.openqa.selenium.chrome.ChromeDriver.<init>(ChromeDriver.java:83)\n\tat org.openqa.selenium.chrome.ChromeDriver.<init>(ChromeDriver.java:72)\n\tat br.com.correios.core.DriverFactory.getDriver(DriverFactory.java:34)\n\tat br.com.correios.pages.AddressPage.accessScreenSearchZipCode(AddressPage.java:15)\n\tat br.com.correios.address.tests.AddressTest.starTest(AddressTest.java:23)\n\tat java.base/jdk.internal.reflect.DirectMethodHandleAccessor.invoke(DirectMethodHandleAccessor.java:104)\n\tat java.base/java.lang.reflect.Method.invoke(Method.java:578)\n\tat org.junit.platform.commons.util.ReflectionUtils.invokeMethod(ReflectionUtils.java:728)\n\tat org.junit.jupiter.engine.execution.MethodInvocation.proceed(MethodInvocation.java:60)\n\tat org.junit.jupiter.engine.execution.InvocationInterceptorChain$ValidatingInvocation.proceed(InvocationInterceptorChain.java:131)\n\tat org.junit.jupiter.engine.extension.TimeoutExtension.intercept(TimeoutExtension.java:156)\n\tat org.junit.jupiter.engine.extension.TimeoutExtension.interceptLifecycleMethod(TimeoutExtension.java:128)\n\tat org.junit.jupiter.engine.extension.TimeoutExtension.interceptBeforeEachMethod(TimeoutExtension.java:78)\n\tat org.junit.jupiter.engine.execution.InterceptingExecutableInvoker$ReflectiveInterceptorCall.lambda$ofVoidMethod$0(InterceptingExecutableInvoker.java:103)\n\tat org.junit.jupiter.engine.execution.InterceptingExecutableInvoker.lambda$invoke$0(InterceptingExecutableInvoker.java:93)\n\tat org.junit.jupiter.engine.execution.InvocationInterceptorChain$InterceptedInvocation.proceed(InvocationInterceptorChain.java:106)\n\tat org.junit.jupiter.engine.execution.InvocationInterceptorChain.proceed(InvocationInterceptorChain.java:64)\n\tat org.junit.jupiter.engine.execution.InvocationInterceptorChain.chainAndInvoke(InvocationInterceptorChain.java:45)\n\tat org.junit.jupiter.engine.execution.InvocationInterceptorChain.invoke(InvocationInterceptorChain.java:37)\n\tat org.junit.jupiter.engine.execution.InterceptingExecutableInvoker.invoke(InterceptingExecutableInvoker.java:92)\n\tat org.junit.jupiter.engine.execution.InterceptingExecutableInvoker.invoke(InterceptingExecutableInvoker.java:86)\n\tat org.junit.jupiter.engine.descriptor.ClassBasedTestDescriptor.invokeMethodInExtensionContext(ClassBasedTestDescriptor.java:521)\n\tat org.junit.jupiter.engine.descriptor.ClassBasedTestDescriptor.lambda$synthesizeBeforeEachMethodAdapter$23(ClassBasedTestDescriptor.java:506)\n\tat org.junit.jupiter.engine.descriptor.TestMethodTestDescriptor.lambda$invokeBeforeEachMethods$3(TestMethodTestDescriptor.java:175)\n\tat org.junit.jupiter.engine.descriptor.TestMethodTestDescriptor.lambda$invokeBeforeMethodsOrCallbacksUntilExceptionOccurs$6(TestMethodTestDescriptor.java:203)\n\tat org.junit.platform.engine.support.hierarchical.ThrowableCollector.execute(ThrowableCollector.java:73)\n\tat org.junit.jupiter.engine.descriptor.TestMethodTestDescriptor.invokeBeforeMethodsOrCallbacksUntilExceptionOccurs(TestMethodTestDescriptor.java:203)\n\tat org.junit.jupiter.engine.descriptor.TestMethodTestDescriptor.invokeBeforeEachMethods(TestMethodTestDescriptor.java:172)\n\tat org.junit.jupiter.engine.descriptor.TestMethodTestDescriptor.execute(TestMethodTestDescriptor.java:135)\n\tat org.junit.jupiter.engine.descriptor.TestMethodTestDescriptor.execute(TestMethodTestDescriptor.java:69)\n\tat org.junit.platform.engine.support.hierarchical.NodeTestTask.lambda$executeRecursively$6(NodeTestTask.java:151)\n\tat org.junit.platform.engine.support.hierarchical.ThrowableCollector.execute(ThrowableCollector.java:73)\n\tat org.junit.platform.engine.support.hierarchical.NodeTestTask.lambda$executeRecursively$8(NodeTestTask.java:141)\n\tat org.junit.platform.engine.support.hierarchical.Node.around(Node.java:137)\n\tat org.junit.platform.engine.support.hierarchical.NodeTestTask.lambda$executeRecursively$9(NodeTestTask.java:139)\n\tat org.junit.platform.engine.support.hierarchical.ThrowableCollector.execute(ThrowableCollector.java:73)\n\tat org.junit.platform.engine.support.hierarchical.NodeTestTask.executeRecursively(NodeTestTask.java:138)\n\tat org.junit.platform.engine.support.hierarchical.NodeTestTask.execute(NodeTestTask.java:95)\n\tat java.base/java.util.ArrayList.forEach(ArrayList.java:1511)\n\tat org.junit.platform.engine.support.hierarchical.SameThreadHierarchicalTestExecutorService.invokeAll(SameThreadHierarchicalTestExecutorService.java:41)\n\tat org.junit.platform.engine.support.hierarchical.NodeTestTask.lambda$executeRecursively$6(NodeTestTask.java:155)\n\tat org.junit.platform.engine.support.hierarchical.ThrowableCollector.execute(ThrowableCollector.java:73)\n\tat org.junit.platform.engine.support.hierarchical.NodeTestTask.lambda$executeRecursively$8(NodeTestTask.java:141)\n\tat org.junit.platform.engine.support.hierarchical.Node.around(Node.java:137)\n\tat org.junit.platform.engine.support.hierarchical.NodeTestTask.lambda$executeRecursively$9(NodeTestTask.java:139)\n\tat org.junit.platform.engine.support.hierarchical.ThrowableCollector.execute(ThrowableCollector.java:73)\n\tat org.junit.platform.engine.support.hierarchical.NodeTestTask.executeRecursively(NodeTestTask.java:138)\n\tat org.junit.platform.engine.support.hierarchical.NodeTestTask.execute(NodeTestTask.java:95)\n\tat java.base/java.util.ArrayList.forEach(ArrayList.java:1511)\n\tat org.junit.platform.engine.support.hierarchical.SameThreadHierarchicalTestExecutorService.invokeAll(SameThreadHierarchicalTestExecutorService.java:41)\n\tat org.junit.platform.engine.support.hierarchical.NodeTestTask.lambda$executeRecursively$6(NodeTestTask.java:155)\n\tat org.junit.platform.engine.support.hierarchical.ThrowableCollector.execute(ThrowableCollector.java:73)\n\tat org.junit.platform.engine.support.hierarchical.NodeTestTask.lambda$executeRecursively$8(NodeTestTask.java:141)\n\tat org.junit.platform.engine.support.hierarchical.Node.around(Node.java:137)\n\tat org.junit.platform.engine.support.hierarchical.NodeTestTask.lambda$executeRecursively$9(NodeTestTask.java:139)\n\tat org.junit.platform.engine.support.hierarchical.ThrowableCollector.execute(ThrowableCollector.java:73)\n\tat org.junit.platform.engine.support.hierarchical.NodeTestTask.executeRecursively(NodeTestTask.java:138)\n\tat org.junit.platform.engine.support.hierarchical.NodeTestTask.execute(NodeTestTask.java:95)\n\tat org.junit.platform.engine.support.hierarchical.SameThreadHierarchicalTestExecutorService.submit(SameThreadHierarchicalTestExecutorService.java:35)\n\tat org.junit.platform.engine.support.hierarchical.HierarchicalTestExecutor.execute(HierarchicalTestExecutor.java:57)\n\tat org.junit.platform.engine.support.hierarchical.HierarchicalTestEngine.execute(HierarchicalTestEngine.java:54)\n\tat org.junit.platform.launcher.core.EngineExecutionOrchestrator.execute(EngineExecutionOrchestrator.java:147)\n\tat org.junit.platform.launcher.core.EngineExecutionOrchestrator.execute(EngineExecutionOrchestrator.java:127)\n\tat org.junit.platform.launcher.core.EngineExecutionOrchestrator.execute(EngineExecutionOrchestrator.java:90)\n\tat org.junit.platform.launcher.core.EngineExecutionOrchestrator.lambda$execute$0(EngineExecutionOrchestrator.java:55)\n\tat org.junit.platform.launcher.core.EngineExecutionOrchestrator.withInterceptedStreams(EngineExecutionOrchestrator.java:102)\n\tat org.junit.platform.launcher.core.EngineExecutionOrchestrator.execute(EngineExecutionOrchestrator.java:54)\n\tat org.junit.platform.launcher.core.DefaultLauncher.execute(DefaultLauncher.java:114)\n\tat org.junit.platform.launcher.core.DefaultLauncher.execute(DefaultLauncher.java:86)\n\tat org.junit.platform.launcher.core.DefaultLauncherSession$DelegatingLauncher.execute(DefaultLauncherSession.java:86)\n\tat org.junit.platform.launcher.core.SessionPerRequestLauncher.execute(SessionPerRequestLauncher.java:53)\n\tat org.apache.maven.surefire.junitplatform.JUnitPlatformProvider.invokeAllTests(JUnitPlatformProvider.java:150)\n\tat org.apache.maven.surefire.junitplatform.JUnitPlatformProvider.invoke(JUnitPlatformProvider.java:124)\n\tat org.apache.maven.surefire.booter.ForkedBooter.invokeProviderInSameClassLoader(ForkedBooter.java:384)\n\tat org.apache.maven.surefire.booter.ForkedBooter.runSuitesInProcess(ForkedBooter.java:345)\n\tat org.apache.maven.surefire.booter.ForkedBooter.execute(ForkedBooter.java:126)\n\tat org.apache.maven.surefire.booter.ForkedBooter.main(ForkedBooter.java:418)\n\tSuppressed: org.openqa.selenium.remote.NoSuchDriverException: Unable to obtain: chromedriver, error chromedriver must exist: webdriver/chromedriver\nFor documentation on this error, please visit: https://www.selenium.dev/documentation/webdriver/troubleshooting/errors/driver_location/\nBuild info: version: '4.23.0', revision: '4df0a231af'\nSystem info: os.name: 'Linux', os.arch: 'amd64', os.version: '6.5.0-1024-azure', java.version: '19.0.2'\nDriver info: driver.version: ChromeDriver\n\t\tat org.openqa.selenium.remote.service.DriverFinder.getBinaryPaths(DriverFinder.java:121)\n\t\tat org.openqa.selenium.remote.service.DriverFinder.getDriverPath(DriverFinder.java:55)\n\t\tat org.openqa.selenium.chrome.ChromeDriver.generateExecutor(ChromeDriver.java:99)\n\t\tat org.openqa.selenium.chrome.ChromeDriver.<init>(ChromeDriver.java:88)\n\t\tat org.openqa.selenium.chrome.ChromeDriver.<init>(ChromeDriver.java:83)\n\t\tat org.openqa.selenium.chrome.ChromeDriver.<init>(ChromeDriver.java:72)\n\t\tat br.com.correios.core.DriverFactory.getDriver(DriverFactory.java:34)\n\t\tat br.com.correios.utils.TakeScreenShot.takeScreenShot(TakeScreenShot.java:22)\n\t\tat br.com.correios.core.BaseTestClass.screenshoot_test(BaseTestClass.java:14)\n\t\tat java.base/jdk.internal.reflect.DirectMethodHandleAccessor.invoke(DirectMethodHandleAccessor.java:104)\n\t\tat java.base/java.lang.reflect.Method.invoke(Method.java:578)\n\t\tat org.junit.platform.commons.util.ReflectionUtils.invokeMethod(ReflectionUtils.java:728)\n\t\tat org.junit.jupiter.engine.execution.MethodInvocation.proceed(MethodInvocation.java:60)\n\t\tat org.junit.jupiter.engine.execution.InvocationInterceptorChain$ValidatingInvocation.proceed(InvocationInterceptorChain.java:131)\n\t\tat org.junit.jupiter.engine.extension.TimeoutExtension.intercept(TimeoutExtension.java:156)\n\t\tat org.junit.jupiter.engine.extension.TimeoutExtension.interceptLifecycleMethod(TimeoutExtension.java:128)\n\t\tat org.junit.jupiter.engine.extension.TimeoutExtension.interceptAfterEachMethod(TimeoutExtension.java:110)\n\t\tat org.junit.jupiter.engine.execution.InterceptingExecutableInvoker$ReflectiveInterceptorCall.lambda$ofVoidMethod$0(InterceptingExecutableInvoker.java:103)\n\t\tat org.junit.jupiter.engine.execution.InterceptingExecutableInvoker.lambda$invoke$0(InterceptingExecutableInvoker.java:93)\n\t\tat org.junit.jupiter.engine.execution.InvocationInterceptorChain$InterceptedInvocation.proceed(InvocationInterceptorChain.java:106)\n\t\tat org.junit.jupiter.engine.execution.InvocationInterceptorChain.proceed(InvocationInterceptorChain.java:64)\n\t\tat org.junit.jupiter.engine.execution.InvocationInterceptorChain.chainAndInvoke(InvocationInterceptorChain.java:45)\n\t\tat org.junit.jupiter.engine.execution.InvocationInterceptorChain.invoke(InvocationInterceptorChain.java:37)\n\t\tat org.junit.jupiter.engine.execution.InterceptingExecutableInvoker.invoke(InterceptingExecutableInvoker.java:92)\n\t\tat org.junit.jupiter.engine.execution.InterceptingExecutableInvoker.invoke(InterceptingExecutableInvoker.java:86)\n\t\tat org.junit.jupiter.engine.descriptor.ClassBasedTestDescriptor.invokeMethodInExtensionContext(ClassBasedTestDescriptor.java:521)\n\t\tat org.junit.jupiter.engine.descriptor.ClassBasedTestDescriptor.lambda$synthesizeAfterEachMethodAdapter$24(ClassBasedTestDescriptor.java:511)\n\t\tat org.junit.jupiter.engine.descriptor.TestMethodTestDescriptor.lambda$invokeAfterEachMethods$10(TestMethodTestDescriptor.java:244)\n\t\tat org.junit.jupiter.engine.descriptor.TestMethodTestDescriptor.lambda$invokeAllAfterMethodsOrCallbacks$13(TestMethodTestDescriptor.java:277)\n\t\tat org.junit.platform.engine.support.hierarchical.ThrowableCollector.execute(ThrowableCollector.java:73)\n\t\tat org.junit.jupiter.engine.descriptor.TestMethodTestDescriptor.lambda$invokeAllAfterMethodsOrCallbacks$14(TestMethodTestDescriptor.java:277)\n\t\tat org.junit.platform.commons.util.CollectionUtils.forEachInReverseOrder(CollectionUtils.java:217)\n\t\tat org.junit.jupiter.engine.descriptor.TestMethodTestDescriptor.invokeAllAfterMethodsOrCallbacks(TestMethodTestDescriptor.java:276)\n\t\tat org.junit.jupiter.engine.descriptor.TestMethodTestDescriptor.invokeAfterEachMethods(TestMethodTestDescriptor.java:242)\n\t\tat org.junit.jupiter.engine.descriptor.TestMethodTestDescriptor.execute(TestMethodTestDescriptor.java:143)\n\t\t... 48 more\n\tCaused by: java.lang.IllegalStateException: chromedriver must exist: webdriver/chromedriver\n\t\tat org.openqa.selenium.internal.Require$PathStateChecker.isExecutable(Require.java:478)\n\t\tat org.openqa.selenium.remote.service.DriverFinder.getBinaryPaths(DriverFinder.java:118)\n\t\t... 82 more\nCaused by: java.lang.IllegalStateException: chromedriver must exist: webdriver/chromedriver\n\tat org.openqa.selenium.internal.Require$PathStateChecker.isExecutable(Require.java:478)\n\tat org.openqa.selenium.remote.service.DriverFinder.getBinaryPaths(DriverFinder.java:118)\n\t... 80 more\n","flaky":false,"newFailed":false,"newBroken":false,"newPassed":false,"retriesCount":0,"retriesStatusChange":false,"beforeStages":[],"afterStages":[],"labels":[{"name":"junit.platform.uniqueid","value":"[engine:junit-jupiter]/[class:br.com.correios.address.tests.AddressTest]/[method:mustSearchValidZipCodeWithOperatingUnitOptionByCssSelector()]"},{"name":"story","value":"Devo validar cenários de testes na tela de busca de endereço."},{"name":"epic","value":"Deve ser criada uma página para realziar busca de endereços no site do correio"},{"name":"host","value":"fv-az661-564"},{"name":"thread","value":"2367@fv-az661-564.main(1)"},{"name":"framework","value":"junit-platform"},{"name":"language","value":"java"},{"name":"package","value":"br.com.correios.address.tests.AddressTest"},{"name":"testClass","value":"br.com.correios.address.tests.AddressTest"},{"name":"testMethod","value":"mustSearchValidZipCodeWithOperatingUnitOptionByCssSelector"},{"name":"suite","value":"Performs validations search screen for zip code Post Office"},{"name":"severity","value":"blocker"},{"name":"resultFormat","value":"allure2"}],"parameters":[],"links":[],"hidden":false,"retry":false,"extra":{"severity":"blocker","retries":[],"categories":[{"name":"Test defects","matchedStatuses":[],"flaky":false}],"history":{"statistic":{"failed":0,"broken":22,"skipped":0,"passed":1,"unknown":0,"total":23},"items":[{"uid":"7949b0be345d474d","reportUrl":"https://leafar-Santos.github.io/Teste-Correios/108//#testresult/7949b0be345d474d","status":"broken","statusDetails":"Unable to obtain: chromedriver, error chromedriver must exist: src\\test\\resources\\webdriver\\chromedriver\nFor documentation on this error, please visit: https://www.selenium.dev/documentation/webdriver/troubleshooting/errors/driver_location/\nBuild info: version: '4.23.0', revision: '4df0a231af'\nSystem info: os.name: 'Linux', os.arch: 'amd64', os.version: '6.5.0-1024-azure', java.version: '19.0.2'\nDriver info: driver.version: ChromeDriver","time":{"start":1722273346525,"stop":1722273346527,"duration":2}},{"uid":"ea53fd456971b796","reportUrl":"https://leafar-Santos.github.io/Teste-Correios/107//#testresult/ea53fd456971b796","status":"broken","statusDetails":"Unable to obtain: chromedriver, error chromedriver must be executable: src/test/resources/webdriver/chromedriver\nFor documentation on this error, please visit: https://www.selenium.dev/documentation/webdriver/troubleshooting/errors/driver_location/\nBuild info: version: '4.23.0', revision: '4df0a231af'\nSystem info: os.name: 'Linux', os.arch: 'amd64', os.version: '6.5.0-1024-azure', java.version: '19.0.2'\nDriver info: driver.version: ChromeDriver","time":{"start":1722272763840,"stop":1722272763843,"duration":3}},{"uid":"4ddd38c712aedcfa","reportUrl":"https://leafar-Santos.github.io/Teste-Correios/106//#testresult/4ddd38c712aedcfa","status":"broken","statusDetails":"Unable to obtain: chromedriver, error chromedriver must exist: src/testresources/webdriver/chromedriver\nFor documentation on this error, please visit: https://www.selenium.dev/documentation/webdriver/troubleshooting/errors/driver_location/\nBuild info: version: '4.23.0', revision: '4df0a231af'\nSystem info: os.name: 'Linux', os.arch: 'amd64', os.version: '6.5.0-1024-azure', java.version: '19.0.2'\nDriver info: driver.version: ChromeDriver","time":{"start":1722208343502,"stop":1722208343505,"duration":3}},{"uid":"52ee8b7fcf1a18f9","reportUrl":"https://leafar-Santos.github.io/Teste-Correios/105//#testresult/52ee8b7fcf1a18f9","status":"broken","statusDetails":"Unable to obtain: chromedriver, error chromedriver must be executable: src/test/resources/webdriver/chromedriver\nFor documentation on this error, please visit: https://www.selenium.dev/documentation/webdriver/troubleshooting/errors/driver_location/\nBuild info: version: '4.23.0', revision: '4df0a231af'\nSystem info: os.name: 'Linux', os.arch: 'amd64', os.version: '6.5.0-1024-azure', java.version: '19.0.2'\nDriver info: driver.version: ChromeDriver","time":{"start":1722207702866,"stop":1722207702868,"duration":2}},{"uid":"466cea5fb9dea943","reportUrl":"https://leafar-Santos.github.io/Teste-Correios/104//#testresult/466cea5fb9dea943","status":"broken","statusDetails":"Unable to obtain: chromedriver, error chromedriver must be executable: src/test/resources/webdriver/chromedriver\nFor documentation on this error, please visit: https://www.selenium.dev/documentation/webdriver/troubleshooting/errors/driver_location/\nBuild info: version: '4.23.0', revision: '4df0a231af'\nSystem info: os.name: 'Linux', os.arch: 'amd64', os.version: '6.5.0-1024-azure', java.version: '19.0.2'\nDriver info: driver.version: ChromeDriver","time":{"start":1722207351085,"stop":1722207351087,"duration":2}},{"uid":"194d65ee85ea0828","reportUrl":"https://leafar-Santos.github.io/Teste-Correios/103//#testresult/194d65ee85ea0828","status":"broken","statusDetails":"Unable to obtain: chromedriver, error chromedriver must be executable: src/test/resources/webdriver/chromedriver.exe\nFor documentation on this error, please visit: https://www.selenium.dev/documentation/webdriver/troubleshooting/errors/driver_location/\nBuild info: version: '4.23.0', revision: '4df0a231af'\nSystem info: os.name: 'Linux', os.arch: 'amd64', os.version: '6.5.0-1024-azure', java.version: '19.0.2'\nDriver info: driver.version: ChromeDriver","time":{"start":1722207142576,"stop":1722207142578,"duration":2}},{"uid":"3c39f4d9cbf51323","reportUrl":"https://leafar-Santos.github.io/Teste-Correios/102//#testresult/3c39f4d9cbf51323","status":"broken","statusDetails":"Unable to obtain: chromedriver, error chromedriver must be executable: src/test/resources/webdriver/chromedriver\nFor documentation on this error, please visit: https://www.selenium.dev/documentation/webdriver/troubleshooting/errors/driver_location/\nBuild info: version: '4.23.0', revision: '4df0a231af'\nSystem info: os.name: 'Linux', os.arch: 'amd64', os.version: '6.5.0-1024-azure', java.version: '19.0.2'\nDriver info: driver.version: ChromeDriver","time":{"start":1722203427845,"stop":1722203427848,"duration":3}},{"uid":"eb15379f4b154278","reportUrl":"https://leafar-Santos.github.io/Teste-Correios/101//#testresult/eb15379f4b154278","status":"broken","statusDetails":"Unable to obtain: chromedriver, error chromedriver must be executable: src/test/resources/webdriver/chromedriver.exe\nFor documentation on this error, please visit: https://www.selenium.dev/documentation/webdriver/troubleshooting/errors/driver_location/\nBuild info: version: '4.23.0', revision: '4df0a231af'\nSystem info: os.name: 'Linux', os.arch: 'amd64', os.version: '6.5.0-1024-azure', java.version: '19.0.2'\nDriver info: driver.version: ChromeDriver","time":{"start":1722202878206,"stop":1722202878208,"duration":2}},{"uid":"13b00cda5a68d219","reportUrl":"https://leafar-Santos.github.io/Teste-Correios/100//#testresult/13b00cda5a68d219","status":"broken","statusDetails":"Unable to obtain: chromedriver, error chromedriver must be executable: /home/runner/work/Teste-Correios/Teste-Correios/src/test/resources/webdriver/chromedriver.exe\nFor documentation on this error, please visit: https://www.selenium.dev/documentation/webdriver/troubleshooting/errors/driver_location/\nBuild info: version: '4.20.0', revision: '866c76ca80'\nSystem info: os.name: 'Linux', os.arch: 'amd64', os.version: '6.5.0-1018-azure', java.version: '19.0.2'\nDriver info: driver.version: ChromeDriver","time":{"start":1714341923563,"stop":1714341923568,"duration":5}},{"uid":"77068dff50bdbd1d","reportUrl":"https://leafar-Santos.github.io/Teste-Correios/99//#testresult/77068dff50bdbd1d","status":"broken","statusDetails":"Unable to obtain: chromedriver, error chromedriver must be executable: /home/runner/work/Teste-Correios/Teste-Correios/src/test/resources/webdriver/chromedriver.exe\nFor documentation on this error, please visit: https://www.selenium.dev/documentation/webdriver/troubleshooting/errors/driver_location/\nBuild info: version: '4.20.0', revision: '866c76ca80'\nSystem info: os.name: 'Linux', os.arch: 'amd64', os.version: '6.5.0-1018-azure', java.version: '19.0.2'\nDriver info: driver.version: ChromeDriver","time":{"start":1714337477559,"stop":1714337477562,"duration":3}},{"uid":"d3594abfb193bfce","reportUrl":"https://leafar-Santos.github.io/Teste-Correios/98//#testresult/d3594abfb193bfce","status":"broken","statusDetails":"Unable to obtain: chromedriver, error chromedriver must be executable: /home/runner/work/Teste-Correios/Teste-Correios/src/test/resources/webdriver/chromedriver.exe\nFor documentation on this error, please visit: https://www.selenium.dev/documentation/webdriver/troubleshooting/errors/driver_location/\nBuild info: version: '4.20.0', revision: '866c76ca80'\nSystem info: os.name: 'Linux', os.arch: 'amd64', os.version: '6.5.0-1018-azure', java.version: '19.0.2'\nDriver info: driver.version: ChromeDriver","time":{"start":1714316808207,"stop":1714316808211,"duration":4}},{"uid":"ec76d8e70b2c4784","reportUrl":"https://leafar-Santos.github.io/Teste-Correios/97//#testresult/ec76d8e70b2c4784","status":"broken","statusDetails":"Unable to obtain: chromedriver, error chromedriver must be executable: /home/runner/work/Teste-Correios/Teste-Correios/src/test/resources/webdriver/chromedriver.exe\nFor documentation on this error, please visit: https://www.selenium.dev/documentation/webdriver/troubleshooting/errors/driver_location/\nBuild info: version: '4.20.0', revision: '866c76ca80'\nSystem info: os.name: 'Linux', os.arch: 'amd64', os.version: '6.5.0-1018-azure', java.version: '19.0.2'\nDriver info: driver.version: ChromeDriver","time":{"start":1714316611158,"stop":1714316611161,"duration":3}},{"uid":"e17c93a1ef3e450e","reportUrl":"https://leafar-Santos.github.io/Teste-Correios/96//#testresult/e17c93a1ef3e450e","status":"broken","statusDetails":"Unable to obtain: chromedriver, error chromedriver must be executable: /home/runner/work/Teste-Correios/Teste-Correios/src/test/resources/webdriver/chromedriver.exe\nFor documentation on this error, please visit: https://www.selenium.dev/documentation/webdriver/troubleshooting/errors/driver_location/\nBuild info: version: '4.20.0', revision: '866c76ca80'\nSystem info: os.name: 'Linux', os.arch: 'amd64', os.version: '6.5.0-1018-azure', java.version: '19.0.2'\nDriver info: driver.version: ChromeDriver","time":{"start":1714253478822,"stop":1714253478825,"duration":3}},{"uid":"16d84c699f75a546","reportUrl":"https://leafar-Santos.github.io/Teste-Correios/95//#testresult/16d84c699f75a546","status":"broken","statusDetails":"Could not start a new session. Response code 500. Message: session not created: Chrome failed to start: exited normally.\n  (session not created: DevToolsActivePort file doesn't exist)\n  (The process started from chrome location /opt/google/chrome/chrome is no longer running, so ChromeDriver is assuming that Chrome has crashed.) \nHost info: host: 'fv-az523-679', ip: '10.1.0.150'\nBuild info: version: '4.19.1', revision: 'abe0ee07dc'\nSystem info: os.name: 'Linux', os.arch: 'amd64', os.version: '6.5.0-1018-azure', java.version: '19.0.2'\nDriver info: org.openqa.selenium.chrome.ChromeDriver\nCommand: [null, newSession {capabilities=[Capabilities {browserName: chrome, goog:chromeOptions: {args: [--disable-extensions, --disable-gpu, --no-sandbox, --remote-allow-origins=*], extensions: []}}]}]","time":{"start":1713554372883,"stop":1713554373159,"duration":276}},{"uid":"1d63d6b6cabd86f7","reportUrl":"https://leafar-Santos.github.io/Teste-Correios/94//#testresult/1d63d6b6cabd86f7","status":"broken","statusDetails":"It must be an executable file: src/test/resources/webdriver/chromedriver","time":{"start":1713546124770,"stop":1713546124772,"duration":2}},{"uid":"2294604bbca250d","reportUrl":"https://leafar-Santos.github.io/Teste-Correios/93//#testresult/2294604bbca250d","status":"broken","statusDetails":"The driver executable must exist: /home/runner/work/Teste-Correios/Teste-Correios/src/test/resources/webdriver/chromedriver","time":{"start":1713544093574,"stop":1713544093576,"duration":2}},{"uid":"480ac7d5f3e6d49e","reportUrl":"https://leafar-Santos.github.io/Teste-Correios/92//#testresult/480ac7d5f3e6d49e","status":"broken","statusDetails":"Could not start a new session. Response code 500. Message: session not created: This version of ChromeDriver only supports Chrome version 110\nCurrent browser version is 123.0.6312.122 with binary path /usr/bin/google-chrome \nHost info: host: 'fv-az777-441', ip: '10.1.0.68'\nBuild info: version: '4.8.1', revision: '8ebccac989'\nSystem info: os.name: 'Linux', os.arch: 'amd64', os.version: '6.5.0-1018-azure', java.version: '19.0.2'\nDriver info: org.openqa.selenium.chrome.ChromeDriver\nCommand: [null, newSession {capabilities=[Capabilities {browserName: chrome, goog:chromeOptions: {args: [--headless, --disable-extensions, --disable-gpu, --no-sandbox, --remote-allow-origins=*, --headless], extensions: []}}], desiredCapabilities=Capabilities {browserName: chrome, goog:chromeOptions: {args: [--headless, --disable-extensions, --disable-gpu, --no-sandbox, --remote-allow-origins=*, --headless], extensions: []}}}]","time":{"start":1713543759273,"stop":1713543759728,"duration":455}},{"uid":"2c26530a00f1b76a","reportUrl":"https://leafar-Santos.github.io/Teste-Correios/91//#testresult/2c26530a00f1b76a","status":"broken","statusDetails":"Could not start a new session. Response code 500. Message: session not created: This version of ChromeDriver only supports Chrome version 110\nCurrent browser version is 120.0.6099.71 with binary path /usr/bin/google-chrome \nHost info: host: 'fv-az840-208', ip: '10.1.0.39'\nBuild info: version: '4.8.1', revision: '8ebccac989'\nSystem info: os.name: 'Linux', os.arch: 'amd64', os.version: '6.2.0-1018-azure', java.version: '19.0.2'\nDriver info: org.openqa.selenium.chrome.ChromeDriver\nCommand: [null, newSession {capabilities=[Capabilities {browserName: chrome, goog:chromeOptions: {args: [--headless, --disable-extensions, --disable-gpu, --no-sandbox, --remote-allow-origins=*, --headless], extensions: []}}], desiredCapabilities=Capabilities {browserName: chrome, goog:chromeOptions: {args: [--headless, --disable-extensions, --disable-gpu, --no-sandbox, --remote-allow-origins=*, --headless], extensions: []}}}]","time":{"start":1702496563273,"stop":1702496563734,"duration":461}},{"uid":"a4a52810d89d2fb8","reportUrl":"https://leafar-Santos.github.io/Teste-Correios/90//#testresult/a4a52810d89d2fb8","status":"passed","time":{"start":1678806560207,"stop":1678806562893,"duration":2686}},{"uid":"3812d27ef5481f41","reportUrl":"https://leafar-Santos.github.io/Teste-Correios/89//#testresult/3812d27ef5481f41","status":"broken","statusDetails":"Could not start a new session. Response code 500. Message: session not created: This version of ChromeDriver only supports Chrome version 111\nCurrent browser version is 110.0.5481.177 with binary path /usr/bin/google-chrome \nHost info: host: 'fv-az589-710', ip: '10.1.0.217'\nBuild info: version: '4.8.1', revision: '8ebccac989'\nSystem info: os.name: 'Linux', os.arch: 'amd64', os.version: '5.15.0-1034-azure', java.version: '19.0.2'\nDriver info: org.openqa.selenium.chrome.ChromeDriver\nCommand: [null, newSession {capabilities=[Capabilities {browserName: chrome, goog:chromeOptions: {args: [--headless, --disable-extensions, --disable-gpu, --no-sandbox, --remote-allow-origins=*, --headless], extensions: []}}], desiredCapabilities=Capabilities {browserName: chrome, goog:chromeOptions: {args: [--headless, --disable-extensions, --disable-gpu, --no-sandbox, --remote-allow-origins=*, --headless], extensions: []}}}]","time":{"start":1678806041668,"stop":1678806042120,"duration":452}}]},"tags":[]},"source":"9b44b51e84f1afe3.json","parameterValues":[]}